LINE: 1   LEVEL 0  $ cd /
LINE: 2   LEVEL 0  $ ls
LINE: 3   LEVEL 0  dir bqm
LINE: 4   LEVEL 0  dir ctztn
LINE: 5   LEVEL 0  dir dbclg
LINE: 6   LEVEL 0  dir fhndmnt
LINE: 7   LEVEL 0  dir gczqbh
LINE: 8   LEVEL 0  276177 hvbf.lvm
LINE: 9   LEVEL 0  dir lnsgbqp
LINE: 10   LEVEL 0  dir pblb
LINE: 11   LEVEL 0  dir pwfs
LINE: 12   LEVEL 0  209719 rtv.cjj
LINE: 13   LEVEL 0  192236 vmtnnfv.mdq
LINE: 14   LEVEL 0  dir vmvpf
LINE: 15   LEVEL 0  dir wjgh
LINE: 16   LEVEL 0  dir wjqsq
LINE: 17   LEVEL 1  $ cd bqm
LINE: 18   LEVEL 1  $ ls
LINE: 19   LEVEL 1  133711 vqv
LINE: 20   LEVEL 1  263237 wwlv.vgv
LINE: 21   LEVEL 0  $ cd ..
LINE: 22   LEVEL 1  $ cd ctztn
LINE: 23   LEVEL 1  $ ls
LINE: 24   LEVEL 1  dir gpgbfzbs
LINE: 25   LEVEL 1  dir hfvqpt
LINE: 26   LEVEL 1  55466 jshtffs
LINE: 27   LEVEL 1  dir rgzfgz
LINE: 28   LEVEL 1  115519 wdzh.szq
LINE: 29   LEVEL 1  dir wmfvclz
LINE: 30   LEVEL 1  221554 zgwwgps.gfn
LINE: 31   LEVEL 2  $ cd gpgbfzbs
LINE: 32   LEVEL 2  $ ls
LINE: 33   LEVEL 2  354710 tlvmh.ghp
LINE: 34   LEVEL 1  $ cd ..
LINE: 35   LEVEL 2  $ cd hfvqpt
LINE: 36   LEVEL 2  $ ls
LINE: 37   LEVEL 2  dir cggfgt
LINE: 38   LEVEL 2  dir jshtffs
LINE: 39   LEVEL 2  175230 nnn.chs
LINE: 40   LEVEL 2  13406 plqjpqss
LINE: 41   LEVEL 2  dir pnwcq
LINE: 42   LEVEL 2  dir str
LINE: 43   LEVEL 3  $ cd cggfgt
LINE: 44   LEVEL 3  $ ls
LINE: 45   LEVEL 3  109434 fhww
LINE: 46   LEVEL 3  dir glnrg
LINE: 47   LEVEL 3  dir mptpfvlh
LINE: 48   LEVEL 3  305315 nlhfgpr.vnv
LINE: 49   LEVEL 3  297519 tlvmh.ghp
LINE: 50   LEVEL 3  dir vmvpf
LINE: 51   LEVEL 4  $ cd glnrg
LINE: 52   LEVEL 4  $ ls
LINE: 53   LEVEL 4  345026 qzfpwv
LINE: 54   LEVEL 4  196361 rgzfgz
LINE: 55   LEVEL 3  $ cd ..
LINE: 56   LEVEL 4  $ cd mptpfvlh
LINE: 57   LEVEL 4  $ ls
LINE: 58   LEVEL 4  dir lsbjp
LINE: 59   LEVEL 4  121174 vlbbbgnn
LINE: 60   LEVEL 4  $ cd lsbjp
LINE: 61   LEVEL 4  $ ls
LINE: 62   LEVEL 4  dir jqclpq
LINE: 63   LEVEL 4  359939 nlhfgpr
LINE: 64   LEVEL 4  dir whp
LINE: 65   LEVEL 5  $ cd jqclpq
LINE: 66   LEVEL 5  $ ls
LINE: 67   LEVEL 5  189319 mnhnclpt.qsv
LINE: 68   LEVEL 4  $ cd ..
LINE: 69   LEVEL 5  $ cd whp
LINE: 70   LEVEL 5  $ ls
LINE: 71   LEVEL 5  dir lgdlztb
LINE: 72   LEVEL 6  $ cd lgdlztb
LINE: 73   LEVEL 6  $ ls
LINE: 74   LEVEL 6  94150 wdzh.szq
LINE: 75   LEVEL 5  $ cd ..
LINE: 76   LEVEL 4  $ cd ..
LINE: 77   LEVEL 3  $ cd ..
LINE: 78   LEVEL 2  $ cd ..
LINE: 79   LEVEL 3  $ cd vmvpf
LINE: 80   LEVEL 3  $ ls
LINE: 81   LEVEL 3  dir pfzd
LINE: 82   LEVEL 3  66706 rgzfgz
LINE: 83   LEVEL 3  dir zrc
LINE: 84   LEVEL 4  $ cd pfzd
LINE: 85   LEVEL 4  $ ls
LINE: 86   LEVEL 4  345595 bpjpm
LINE: 87   LEVEL 4  dir ljtdcgt
LINE: 88   LEVEL 4  dir plltpvgv
LINE: 89   LEVEL 5  $ cd ljtdcgt
LINE: 90   LEVEL 5  $ ls
LINE: 91   LEVEL 5  134178 nlhfgpr
LINE: 92   LEVEL 4  $ cd ..
LINE: 93   LEVEL 5  $ cd plltpvgv
LINE: 94   LEVEL 5  $ ls
LINE: 95   LEVEL 5  355576 rqj
LINE: 96   LEVEL 4  $ cd ..
LINE: 97   LEVEL 3  $ cd ..
LINE: 98   LEVEL 4  $ cd zrc
LINE: 99   LEVEL 4  $ ls
LINE: 100   LEVEL 4  45363 vqv
LINE: 101   LEVEL 3  $ cd ..
LINE: 102   LEVEL 2  $ cd ..
LINE: 103   LEVEL 1  $ cd ..
LINE: 104   LEVEL 2  $ cd jshtffs
LINE: 105   LEVEL 2  $ ls
LINE: 106   LEVEL 2  dir bwbwldd
LINE: 107   LEVEL 2  124375 fwvcbcpz.lvr
LINE: 108   LEVEL 2  dir jctctjj
LINE: 109   LEVEL 2  dir jshtffs
LINE: 110   LEVEL 2  dir sngchq
LINE: 111   LEVEL 3  $ cd bwbwldd
LINE: 112   LEVEL 3  $ ls
LINE: 113   LEVEL 3  144330 vthsfg
LINE: 114   LEVEL 2  $ cd ..
LINE: 115   LEVEL 3  $ cd jctctjj
LINE: 116   LEVEL 3  $ ls
LINE: 117   LEVEL 3  dir flhrmt
LINE: 118   LEVEL 3  dir rgzfgz
LINE: 119   LEVEL 3  dir vmtnnfv
LINE: 120   LEVEL 4  $ cd flhrmt
LINE: 121   LEVEL 4  $ ls
LINE: 122   LEVEL 4  132008 dgrt
LINE: 123   LEVEL 4  263345 nlhfgpr.hss
LINE: 124   LEVEL 3  $ cd ..
LINE: 125   LEVEL 4  $ cd rgzfgz
LINE: 126   LEVEL 4  $ ls
LINE: 127   LEVEL 4  214808 mcqlbzs.gwl
LINE: 128   LEVEL 4  120157 nlhfgpr.hcs
LINE: 129   LEVEL 3  $ cd ..
LINE: 130   LEVEL 4  $ cd vmtnnfv
LINE: 131   LEVEL 4  $ ls
LINE: 132   LEVEL 4  dir rgzfgz
LINE: 133   LEVEL 4  52978 vlbbbgnn
LINE: 134   LEVEL 5  $ cd rgzfgz
LINE: 135   LEVEL 5  $ ls
LINE: 136   LEVEL 5  177061 nnc
LINE: 137   LEVEL 4  $ cd ..
LINE: 138   LEVEL 3  $ cd ..
LINE: 139   LEVEL 2  $ cd ..
LINE: 140   LEVEL 3  $ cd jshtffs
LINE: 141   LEVEL 3  $ ls
LINE: 142   LEVEL 3  157488 bbsfrg.bbr
LINE: 143   LEVEL 3  166412 dhwbvggg
LINE: 144   LEVEL 2  $ cd ..
LINE: 145   LEVEL 3  $ cd sngchq
LINE: 146   LEVEL 3  $ ls
LINE: 147   LEVEL 3  dir bvcsvv
LINE: 148   LEVEL 3  dir hhd
LINE: 149   LEVEL 4  $ cd bvcsvv
LINE: 150   LEVEL 4  $ ls
LINE: 151   LEVEL 4  dir gbmccf
LINE: 152   LEVEL 4  5663 vmtnnfv
LINE: 153   LEVEL 4  278760 vqv
LINE: 154   LEVEL 4  323147 wjlm.cbw
LINE: 155   LEVEL 5  $ cd gbmccf
LINE: 156   LEVEL 5  $ ls
LINE: 157   LEVEL 5  dir fttnqbwp
LINE: 158   LEVEL 6  $ cd fttnqbwp
LINE: 159   LEVEL 6  $ ls
LINE: 160   LEVEL 6  dir fhs
LINE: 161   LEVEL 7  $ cd fhs
LINE: 162   LEVEL 7  $ ls
LINE: 163   LEVEL 7  137718 rgzfgz
LINE: 164   LEVEL 6  $ cd ..
LINE: 165   LEVEL 5  $ cd ..
LINE: 166   LEVEL 4  $ cd ..
LINE: 167   LEVEL 3  $ cd ..
LINE: 168   LEVEL 4  $ cd hhd
LINE: 169   LEVEL 4  $ ls
LINE: 170   LEVEL 4  350019 gphghhdh.rrb
LINE: 171   LEVEL 3  $ cd ..
LINE: 172   LEVEL 2  $ cd ..
LINE: 173   LEVEL 1  $ cd ..
LINE: 174   LEVEL 2  $ cd pnwcq
LINE: 175   LEVEL 2  $ ls
LINE: 176   LEVEL 2  dir qtqqdd
LINE: 177   LEVEL 3  $ cd qtqqdd
LINE: 178   LEVEL 3  $ ls
LINE: 179   LEVEL 3  62319 tlvmh.ghp
LINE: 180   LEVEL 2  $ cd ..
LINE: 181   LEVEL 1  $ cd ..
LINE: 182   LEVEL 2  $ cd str
LINE: 183   LEVEL 2  $ ls
LINE: 184   LEVEL 2  334780 tlvmh.ghp
LINE: 185   LEVEL 2  dir vcdcgbtr
LINE: 186   LEVEL 2  211478 vvh.tzh
LINE: 187   LEVEL 2  dir zlsv
LINE: 188   LEVEL 3  $ cd vcdcgbtr
LINE: 189   LEVEL 3  $ ls
LINE: 190   LEVEL 3  276438 zhh.dsw
LINE: 191   LEVEL 2  $ cd ..
LINE: 192   LEVEL 2  $ cd zlsv
LINE: 193   LEVEL 2  $ ls
LINE: 194   LEVEL 2  315890 vmvpf.tcs
LINE: 195   LEVEL 1  $ cd ..
LINE: 196   LEVEL 0  $ cd ..
LINE: 197   LEVEL -1  $ cd ..
LINE: 198   LEVEL 0  $ cd rgzfgz
LINE: 199   LEVEL 0  $ ls
LINE: 200   LEVEL 0  dir qwzfs
LINE: 201   LEVEL 1  $ cd qwzfs
LINE: 202   LEVEL 1  $ ls
LINE: 203   LEVEL 1  dir lzl
LINE: 204   LEVEL 2  $ cd lzl
LINE: 205   LEVEL 2  $ ls
LINE: 206   LEVEL 2  dir gpgccbc
LINE: 207   LEVEL 2  259493 vmvpf.dgz
LINE: 208   LEVEL 3  $ cd gpgccbc
LINE: 209   LEVEL 3  $ ls
LINE: 210   LEVEL 3  124141 tlvmh.ghp
LINE: 211   LEVEL 2  $ cd ..
LINE: 212   LEVEL 1  $ cd ..
LINE: 213   LEVEL 0  $ cd ..
LINE: 214   LEVEL -1  $ cd ..
LINE: 215   LEVEL 0  $ cd wmfvclz
LINE: 216   LEVEL 0  $ ls
LINE: 217   LEVEL 0  25819 fmqtjdfd.dwp
LINE: 218   LEVEL 0  253619 qccd.gnd
LINE: 219   LEVEL 0  121087 sjsz.rtg
LINE: 220   LEVEL 0  350518 tgs
LINE: 221   LEVEL 0  dir zmft
LINE: 222   LEVEL 1  $ cd zmft
LINE: 223   LEVEL 1  $ ls
LINE: 224   LEVEL 1  248086 vlbbbgnn
LINE: 225   LEVEL 0  $ cd ..
LINE: 226   LEVEL -1  $ cd ..
LINE: 227   LEVEL -2  $ cd ..
LINE: 228   LEVEL -1  $ cd dbclg
LINE: 229   LEVEL -1  $ ls
LINE: 230   LEVEL -1  dir dgm
LINE: 231   LEVEL -1  dir rwdfw
LINE: 232   LEVEL -1  182454 slctrj
LINE: 233   LEVEL -1  103919 tzp.dvf
LINE: 234   LEVEL -1  311601 zlbmvfq.qsh
LINE: 235   LEVEL 0  $ cd dgm
LINE: 236   LEVEL 0  $ ls
LINE: 237   LEVEL 0  dir fflb
LINE: 238   LEVEL 0  dir jshtffs
LINE: 239   LEVEL 0  26424 shzfvbs.jrj
LINE: 240   LEVEL 1  $ cd fflb
LINE: 241   LEVEL 1  $ ls
LINE: 242   LEVEL 1  154495 ngzgfpt
LINE: 243   LEVEL 0  $ cd ..
LINE: 244   LEVEL 1  $ cd jshtffs
LINE: 245   LEVEL 1  $ ls
LINE: 246   LEVEL 1  11509 fwvcbcpz.lvr
LINE: 247   LEVEL 1  169064 hzhbhgjn.dvc
LINE: 248   LEVEL 1  38675 jwcnwm.prf
LINE: 249   LEVEL 1  dir mjb
LINE: 250   LEVEL 1  dir nwwcb
LINE: 251   LEVEL 1  300017 qtrqn.qdv
LINE: 252   LEVEL 1  dir rfjdh
LINE: 253   LEVEL 1  173691 rgzfgz.wgz
LINE: 254   LEVEL 2  $ cd mjb
LINE: 255   LEVEL 2  $ ls
LINE: 256   LEVEL 2  dir rgzfgz
LINE: 257   LEVEL 3  $ cd rgzfgz
LINE: 258   LEVEL 3  $ ls
LINE: 259   LEVEL 3  192387 ssm
LINE: 260   LEVEL 2  $ cd ..
LINE: 261   LEVEL 1  $ cd ..
LINE: 262   LEVEL 2  $ cd nwwcb
LINE: 263   LEVEL 2  $ ls
LINE: 264   LEVEL 2  312609 ggvwvdw.hhg
LINE: 265   LEVEL 2  107482 ppqmjzh
LINE: 266   LEVEL 2  204253 vlbbbgnn
LINE: 267   LEVEL 1  $ cd ..
LINE: 268   LEVEL 2  $ cd rfjdh
LINE: 269   LEVEL 2  $ ls
LINE: 270   LEVEL 2  305213 smf.jgv
LINE: 271   LEVEL 1  $ cd ..
LINE: 272   LEVEL 0  $ cd ..
LINE: 273   LEVEL -1  $ cd ..
LINE: 274   LEVEL 0  $ cd rwdfw
LINE: 275   LEVEL 0  $ ls
LINE: 276   LEVEL 0  dir hbsbctsr
LINE: 277   LEVEL 0  145955 tqj
LINE: 278   LEVEL 0  dir vvthg
LINE: 279   LEVEL 1  $ cd hbsbctsr
LINE: 280   LEVEL 1  $ ls
LINE: 281   LEVEL 1  dir shqdr
LINE: 282   LEVEL 2  $ cd shqdr
LINE: 283   LEVEL 2  $ ls
LINE: 284   LEVEL 2  101441 tlvmh.ghp
LINE: 285   LEVEL 1  $ cd ..
LINE: 286   LEVEL 0  $ cd ..
LINE: 287   LEVEL 1  $ cd vvthg
LINE: 288   LEVEL 1  $ ls
LINE: 289   LEVEL 1  344816 wdzh.szq
LINE: 290   LEVEL 0  $ cd ..
LINE: 291   LEVEL -1  $ cd ..
LINE: 292   LEVEL -2  $ cd ..
LINE: 293   LEVEL -1  $ cd fhndmnt
LINE: 294   LEVEL -1  $ ls
LINE: 295   LEVEL -1  dir lstcq
LINE: 296   LEVEL -1  dir nvlncq
LINE: 297   LEVEL -1  dir rgzfgz
LINE: 298   LEVEL -1  dir ssqs
LINE: 299   LEVEL -1  dir vzpnjpsv
LINE: 300   LEVEL -1  $ cd lstcq
LINE: 301   LEVEL -1  $ ls
LINE: 302   LEVEL -1  24507 jshtffs.nrf
LINE: 303   LEVEL -1  34332 lvqdthm.gwh
LINE: 304   LEVEL -1  313126 szfqhv.jtv
LINE: 305   LEVEL -1  274515 wmwpglh
LINE: 306   LEVEL -2  $ cd ..
LINE: 307   LEVEL -1  $ cd nvlncq
LINE: 308   LEVEL -1  $ ls
LINE: 309   LEVEL -1  dir vmtnnfv
LINE: 310   LEVEL 0  $ cd vmtnnfv
LINE: 311   LEVEL 0  $ ls
LINE: 312   LEVEL 0  104013 wdzh.szq
LINE: 313   LEVEL -1  $ cd ..
LINE: 314   LEVEL -2  $ cd ..
LINE: 315   LEVEL -1  $ cd rgzfgz
LINE: 316   LEVEL -1  $ ls
LINE: 317   LEVEL -1  311945 nlhfgpr.fcv
LINE: 318   LEVEL -2  $ cd ..
LINE: 319   LEVEL -1  $ cd ssqs
LINE: 320   LEVEL -1  $ ls
LINE: 321   LEVEL -1  104254 vlbbbgnn
LINE: 322   LEVEL -1  207441 vmpd.tdt
LINE: 323   LEVEL -2  $ cd ..
LINE: 324   LEVEL -1  $ cd vzpnjpsv
LINE: 325   LEVEL -1  $ ls
LINE: 326   LEVEL -1  253593 plfsrlr
LINE: 327   LEVEL -2  $ cd ..
LINE: 328   LEVEL -3  $ cd ..
LINE: 329   LEVEL -2  $ cd gczqbh
LINE: 330   LEVEL -2  $ ls
LINE: 331   LEVEL -2  dir nlhfgpr
LINE: 332   LEVEL -2  dir rgzfgz
LINE: 333   LEVEL -2  dir vmtnnfv
LINE: 334   LEVEL -1  $ cd nlhfgpr
LINE: 335   LEVEL -1  $ ls
LINE: 336   LEVEL -1  dir bwpd
LINE: 337   LEVEL -1  86459 vmvpf.mwh
LINE: 338   LEVEL 0  $ cd bwpd
LINE: 339   LEVEL 0  $ ls
LINE: 340   LEVEL 0  345948 rgzfgz.qnp
LINE: 341   LEVEL -1  $ cd ..
LINE: 342   LEVEL -2  $ cd ..
LINE: 343   LEVEL -1  $ cd rgzfgz
LINE: 344   LEVEL -1  $ ls
LINE: 345   LEVEL -1  dir rgzfgz
LINE: 346   LEVEL -1  dir sdsqqq
LINE: 347   LEVEL 0  $ cd rgzfgz
LINE: 348   LEVEL 0  $ ls
LINE: 349   LEVEL 0  dir mprdrmmz
LINE: 350   LEVEL 0  331389 rbcrg.chs
LINE: 351   LEVEL 0  191328 rpvpnprr.smn
LINE: 352   LEVEL 1  $ cd mprdrmmz
LINE: 353   LEVEL 1  $ ls
LINE: 354   LEVEL 1  dir ncljgf
LINE: 355   LEVEL 2  $ cd ncljgf
LINE: 356   LEVEL 2  $ ls
LINE: 357   LEVEL 2  309996 bjwvhw.ltr
LINE: 358   LEVEL 1  $ cd ..
LINE: 359   LEVEL 0  $ cd ..
LINE: 360   LEVEL -1  $ cd ..
LINE: 361   LEVEL 0  $ cd sdsqqq
LINE: 362   LEVEL 0  $ ls
LINE: 363   LEVEL 0  95157 qmwcb.wsm
LINE: 364   LEVEL -1  $ cd ..
LINE: 365   LEVEL -2  $ cd ..
LINE: 366   LEVEL -1  $ cd vmtnnfv
LINE: 367   LEVEL -1  $ ls
LINE: 368   LEVEL -1  dir gbntbhrj
LINE: 369   LEVEL -1  dir nlhfgpr
LINE: 370   LEVEL -1  283985 ptl
LINE: 371   LEVEL -1  dir tnljzft
LINE: 372   LEVEL -1  38026 vlbbbgnn
LINE: 373   LEVEL 0  $ cd gbntbhrj
LINE: 374   LEVEL 0  $ ls
LINE: 375   LEVEL 0  117782 jshtffs.fpb
LINE: 376   LEVEL 0  9101 rgzfgz.bdp
LINE: 377   LEVEL 0  300155 vmtnnfv.wcq
LINE: 378   LEVEL -1  $ cd ..
LINE: 379   LEVEL 0  $ cd nlhfgpr
LINE: 380   LEVEL 0  $ ls
LINE: 381   LEVEL 0  dir cpglmt
LINE: 382   LEVEL 0  65206 cwmpnz.czl
LINE: 383   LEVEL 0  dir gcrntzb
LINE: 384   LEVEL 1  $ cd cpglmt
LINE: 385   LEVEL 1  $ ls
LINE: 386   LEVEL 1  288805 mghgq.msj
LINE: 387   LEVEL 0  $ cd ..
LINE: 388   LEVEL 1  $ cd gcrntzb
LINE: 389   LEVEL 1  $ ls
LINE: 390   LEVEL 1  126442 tlvmh.ghp
LINE: 391   LEVEL 0  $ cd ..
LINE: 392   LEVEL -1  $ cd ..
LINE: 393   LEVEL 0  $ cd tnljzft
LINE: 394   LEVEL 0  $ ls
LINE: 395   LEVEL 0  278719 ccwfvtgh
LINE: 396   LEVEL -1  $ cd ..
LINE: 397   LEVEL -2  $ cd ..
LINE: 398   LEVEL -3  $ cd ..
LINE: 399   LEVEL -2  $ cd lnsgbqp
LINE: 400   LEVEL -2  $ ls
LINE: 401   LEVEL -2  dir lqltnz
LINE: 402   LEVEL -2  dir vmtnnfv
LINE: 403   LEVEL -2  69119 vmvpf.rgd
LINE: 404   LEVEL -1  $ cd lqltnz
LINE: 405   LEVEL -1  $ ls
LINE: 406   LEVEL -1  dir vmtnnfv
LINE: 407   LEVEL -1  dir whvdf
LINE: 408   LEVEL 0  $ cd vmtnnfv
LINE: 409   LEVEL 0  $ ls
LINE: 410   LEVEL 0  3012 vmtnnfv.zlv
LINE: 411   LEVEL -1  $ cd ..
LINE: 412   LEVEL 0  $ cd whvdf
LINE: 413   LEVEL 0  $ ls
LINE: 414   LEVEL 0  dir nlhfgpr
LINE: 415   LEVEL 0  115838 rwqbdmfb
LINE: 416   LEVEL 0  298358 tlvmh.ghp
LINE: 417   LEVEL 0  dir vmtnnfv
LINE: 418   LEVEL 0  335379 vmtnnfv.ltj
LINE: 419   LEVEL 0  129665 zglmsgf
LINE: 420   LEVEL 1  $ cd nlhfgpr
LINE: 421   LEVEL 1  $ ls
LINE: 422   LEVEL 1  12607 fwvcbcpz.lvr
LINE: 423   LEVEL 1  dir lrbrcz
LINE: 424   LEVEL 1  dir nvqzmflc
LINE: 425   LEVEL 1  3793 tlvmh.ghp
LINE: 426   LEVEL 1  39593 vqv
LINE: 427   LEVEL 2  $ cd lrbrcz
LINE: 428   LEVEL 2  $ ls
LINE: 429   LEVEL 2  195996 vmtnnfv.hlb
LINE: 430   LEVEL 1  $ cd ..
LINE: 431   LEVEL 2  $ cd nvqzmflc
LINE: 432   LEVEL 2  $ ls
LINE: 433   LEVEL 2  190198 vmvpf
LINE: 434   LEVEL 1  $ cd ..
LINE: 435   LEVEL 0  $ cd ..
LINE: 436   LEVEL 1  $ cd vmtnnfv
LINE: 437   LEVEL 1  $ ls
LINE: 438   LEVEL 1  359558 rdjqs
LINE: 439   LEVEL 0  $ cd ..
LINE: 440   LEVEL -1  $ cd ..
LINE: 441   LEVEL -2  $ cd ..
LINE: 442   LEVEL -1  $ cd vmtnnfv
LINE: 443   LEVEL -1  $ ls
LINE: 444   LEVEL -1  dir clwrz
LINE: 445   LEVEL -1  362269 nphz.plr
LINE: 446   LEVEL -1  dir rqbq
LINE: 447   LEVEL -1  188843 tlvmh.ghp
LINE: 448   LEVEL -1  dir wsrdwm
LINE: 449   LEVEL 0  $ cd clwrz
LINE: 450   LEVEL 0  $ ls
LINE: 451   LEVEL 0  233770 wdzh.szq
LINE: 452   LEVEL -1  $ cd ..
LINE: 453   LEVEL 0  $ cd rqbq
LINE: 454   LEVEL 0  $ ls
LINE: 455   LEVEL 0  183770 jtnlfd
LINE: 456   LEVEL 0  71164 lwgqzccd.dgb
LINE: 457   LEVEL -1  $ cd ..
LINE: 458   LEVEL 0  $ cd wsrdwm
LINE: 459   LEVEL 0  $ ls
LINE: 460   LEVEL 0  266826 bqg
LINE: 461   LEVEL 0  dir nlhfgpr
LINE: 462   LEVEL 0  53502 nlhfgpr.slz
LINE: 463   LEVEL 0  320422 qzsfvzl.wbb
LINE: 464   LEVEL 0  dir vhq
LINE: 465   LEVEL 0  dir vmvpf
LINE: 466   LEVEL 1  $ cd nlhfgpr
LINE: 467   LEVEL 1  $ ls
LINE: 468   LEVEL 1  dir ddlplnhp
LINE: 469   LEVEL 1  dir nbdj
LINE: 470   LEVEL 2  $ cd ddlplnhp
LINE: 471   LEVEL 2  $ ls
LINE: 472   LEVEL 2  dir czp
LINE: 473   LEVEL 2  dir dmchbv
LINE: 474   LEVEL 2  dir nlj
LINE: 475   LEVEL 2  299460 tlvmh.ghp
LINE: 476   LEVEL 2  dir wrqqln
LINE: 477   LEVEL 3  $ cd czp
LINE: 478   LEVEL 3  $ ls
LINE: 479   LEVEL 3  286886 tlvmh.ghp
LINE: 480   LEVEL 3  98020 vlln
LINE: 481   LEVEL 2  $ cd ..
LINE: 482   LEVEL 3  $ cd dmchbv
LINE: 483   LEVEL 3  $ ls
LINE: 484   LEVEL 3  239186 ppjcgwq
LINE: 485   LEVEL 2  $ cd ..
LINE: 486   LEVEL 3  $ cd nlj
LINE: 487   LEVEL 3  $ ls
LINE: 488   LEVEL 3  310042 nsgvvfcw.vfm
LINE: 489   LEVEL 3  70206 vlbbbgnn
LINE: 490   LEVEL 2  $ cd ..
LINE: 491   LEVEL 3  $ cd wrqqln
LINE: 492   LEVEL 3  $ ls
LINE: 493   LEVEL 3  dir bdprgbp
LINE: 494   LEVEL 4  $ cd bdprgbp
LINE: 495   LEVEL 4  $ ls
LINE: 496   LEVEL 4  42055 hjwrqzf.cqj
LINE: 497   LEVEL 3  $ cd ..
LINE: 498   LEVEL 2  $ cd ..
LINE: 499   LEVEL 1  $ cd ..
LINE: 500   LEVEL 2  $ cd nbdj
LINE: 501   LEVEL 2  $ ls
LINE: 502   LEVEL 2  dir cdjd
LINE: 503   LEVEL 3  $ cd cdjd
LINE: 504   LEVEL 3  $ ls
LINE: 505   LEVEL 3  330601 bzhvfzh.ldp
LINE: 506   LEVEL 3  14662 hjhdwz.qrt
LINE: 507   LEVEL 3  188113 pct
LINE: 508   LEVEL 2  $ cd ..
LINE: 509   LEVEL 1  $ cd ..
LINE: 510   LEVEL 0  $ cd ..
LINE: 511   LEVEL 1  $ cd vhq
LINE: 512   LEVEL 1  $ ls
LINE: 513   LEVEL 1  348147 qsgjjzn.nft
LINE: 514   LEVEL 0  $ cd ..
LINE: 515   LEVEL 1  $ cd vmvpf
LINE: 516   LEVEL 1  $ ls
LINE: 517   LEVEL 1  192773 wdzh.szq
LINE: 518   LEVEL 0  $ cd ..
LINE: 519   LEVEL -1  $ cd ..
LINE: 520   LEVEL -2  $ cd ..
LINE: 521   LEVEL -3  $ cd ..
LINE: 522   LEVEL -2  $ cd pblb
LINE: 523   LEVEL -2  $ ls
LINE: 524   LEVEL -2  dir jshtffs
LINE: 525   LEVEL -2  dir pwgtvhm
LINE: 526   LEVEL -1  $ cd jshtffs
LINE: 527   LEVEL -1  $ ls
LINE: 528   LEVEL -1  dir vtthv
LINE: 529   LEVEL 0  $ cd vtthv
LINE: 530   LEVEL 0  $ ls
LINE: 531   LEVEL 0  39542 fwfz.gll
LINE: 532   LEVEL -1  $ cd ..
LINE: 533   LEVEL -2  $ cd ..
LINE: 534   LEVEL -1  $ cd pwgtvhm
LINE: 535   LEVEL -1  $ ls
LINE: 536   LEVEL -1  271449 hvfq
LINE: 537   LEVEL -2  $ cd ..
LINE: 538   LEVEL -3  $ cd ..
LINE: 539   LEVEL -2  $ cd pwfs
LINE: 540   LEVEL -2  $ ls
LINE: 541   LEVEL -2  dir dnnzr
LINE: 542   LEVEL -2  dir ncjzvsph
LINE: 543   LEVEL -2  dir nlhfgpr
LINE: 544   LEVEL -1  $ cd dnnzr
LINE: 545   LEVEL -1  $ ls
LINE: 546   LEVEL -1  337565 vlbbbgnn
LINE: 547   LEVEL -1  345668 vqv
LINE: 548   LEVEL -2  $ cd ..
LINE: 549   LEVEL -1  $ cd ncjzvsph
LINE: 550   LEVEL -1  $ ls
LINE: 551   LEVEL -1  290438 fdtftjj.sdt
LINE: 552   LEVEL -1  170963 tlvmh.ghp
LINE: 553   LEVEL -1  56596 vlbbbgnn
LINE: 554   LEVEL -1  72923 vmvpf.ldg
LINE: 555   LEVEL -2  $ cd ..
LINE: 556   LEVEL -1  $ cd nlhfgpr
LINE: 557   LEVEL -1  $ ls
LINE: 558   LEVEL -1  321213 vqv
LINE: 559   LEVEL -2  $ cd ..
LINE: 560   LEVEL -3  $ cd ..
LINE: 561   LEVEL -2  $ cd vmvpf
LINE: 562   LEVEL -2  $ ls
LINE: 563   LEVEL -2  dir gwbt
LINE: 564   LEVEL -2  dir vmvpf
LINE: 565   LEVEL -2  dir vplm
LINE: 566   LEVEL -1  $ cd gwbt
LINE: 567   LEVEL -1  $ ls
LINE: 568   LEVEL -1  209996 jrzlrp
LINE: 569   LEVEL -1  23503 vmvpf.hwn
LINE: 570   LEVEL -1  173320 vqv
LINE: 571   LEVEL -2  $ cd ..
LINE: 572   LEVEL -1  $ cd vmvpf
LINE: 573   LEVEL -1  $ ls
LINE: 574   LEVEL -1  299874 hqwppnws
LINE: 575   LEVEL -1  177211 pcqdrn.wqd
LINE: 576   LEVEL -1  266011 pjllm
LINE: 577   LEVEL -1  227969 wdzh.szq
LINE: 578   LEVEL -2  $ cd ..
LINE: 579   LEVEL -1  $ cd vplm
LINE: 580   LEVEL -1  $ ls
LINE: 581   LEVEL -1  dir fbl
LINE: 582   LEVEL -1  354786 jdb
LINE: 583   LEVEL -1  273253 nncwhbq.vzn
LINE: 584   LEVEL -1  dir rgzfgz
LINE: 585   LEVEL 0  $ cd fbl
LINE: 586   LEVEL 0  $ ls
LINE: 587   LEVEL 0  38301 vqv
LINE: 588   LEVEL 0  256284 wdzh.szq
LINE: 589   LEVEL -1  $ cd ..
LINE: 590   LEVEL 0  $ cd rgzfgz
LINE: 591   LEVEL 0  $ ls
LINE: 592   LEVEL 0  60018 rdsrl.whb
LINE: 593   LEVEL 0  dir rgzfgz
LINE: 594   LEVEL 0  dir wgvw
LINE: 595   LEVEL 1  $ cd rgzfgz
LINE: 596   LEVEL 1  $ ls
LINE: 597   LEVEL 1  dir gmcqfqrn
LINE: 598   LEVEL 2  $ cd gmcqfqrn
LINE: 599   LEVEL 2  $ ls
LINE: 600   LEVEL 2  337129 rgzfgz.pjs
LINE: 601   LEVEL 1  $ cd ..
LINE: 602   LEVEL 0  $ cd ..
LINE: 603   LEVEL 1  $ cd wgvw
LINE: 604   LEVEL 1  $ ls
LINE: 605   LEVEL 1  14727 zdhwsm
LINE: 606   LEVEL 0  $ cd ..
LINE: 607   LEVEL -1  $ cd ..
LINE: 608   LEVEL -2  $ cd ..
LINE: 609   LEVEL -3  $ cd ..
LINE: 610   LEVEL -2  $ cd wjgh
LINE: 611   LEVEL -2  $ ls
LINE: 612   LEVEL -2  dir ccgddrt
LINE: 613   LEVEL -2  dir cqh
LINE: 614   LEVEL -2  60305 dtjctmsw.qgp
LINE: 615   LEVEL -2  dir hwr
LINE: 616   LEVEL -2  dir jshtffs
LINE: 617   LEVEL -2  335879 smfjq
LINE: 618   LEVEL -2  344915 vlbbbgnn
LINE: 619   LEVEL -2  63031 wdzh.szq
LINE: 620   LEVEL -2  dir zbmjg
LINE: 621   LEVEL -1  $ cd ccgddrt
LINE: 622   LEVEL -1  $ ls
LINE: 623   LEVEL -1  148368 dpnlbg.fbb
LINE: 624   LEVEL -1  dir vmvpf
LINE: 625   LEVEL 0  $ cd vmvpf
LINE: 626   LEVEL 0  $ ls
LINE: 627   LEVEL 0  dir ptwrssn
LINE: 628   LEVEL 0  340536 tlvmh.ghp
LINE: 629   LEVEL 1  $ cd ptwrssn
LINE: 630   LEVEL 1  $ ls
LINE: 631   LEVEL 1  119875 jshtffs
LINE: 632   LEVEL 0  $ cd ..
LINE: 633   LEVEL -1  $ cd ..
LINE: 634   LEVEL -2  $ cd ..
LINE: 635   LEVEL -1  $ cd cqh
LINE: 636   LEVEL -1  $ ls
LINE: 637   LEVEL -1  dir blvcjl
LINE: 638   LEVEL -1  158276 fjv
LINE: 639   LEVEL -1  279848 fnh.rdf
LINE: 640   LEVEL -1  dir vmtnnfv
LINE: 641   LEVEL 0  $ cd blvcjl
LINE: 642   LEVEL 0  $ ls
LINE: 643   LEVEL 0  dir cgsznlm
LINE: 644   LEVEL 0  47381 gtcv
LINE: 645   LEVEL 0  227459 rgzfgz.wvr
LINE: 646   LEVEL 0  dir tgcqhcv
LINE: 647   LEVEL 0  dir vff
LINE: 648   LEVEL 0  dir vmtnnfv
LINE: 649   LEVEL 0  dir vmvpf
LINE: 650   LEVEL 0  75937 vmvpf.psj
LINE: 651   LEVEL 0  29291 wdzh.szq
LINE: 652   LEVEL 0  dir zqmsn
LINE: 653   LEVEL 1  $ cd cgsznlm
LINE: 654   LEVEL 1  $ ls
LINE: 655   LEVEL 1  91350 rpmwrtm.dlr
LINE: 656   LEVEL 0  $ cd ..
LINE: 657   LEVEL 1  $ cd tgcqhcv
LINE: 658   LEVEL 1  $ ls
LINE: 659   LEVEL 1  dir hnrhdvff
LINE: 660   LEVEL 1  81404 jshtffs.msp
LINE: 661   LEVEL 1  158082 jshtffs.szt
LINE: 662   LEVEL 1  dir nhmqcm
LINE: 663   LEVEL 1  dir rvfsl
LINE: 664   LEVEL 1  dir smcrnh
LINE: 665   LEVEL 2  $ cd hnrhdvff
LINE: 666   LEVEL 2  $ ls
LINE: 667   LEVEL 2  154674 htwms.nqc
LINE: 668   LEVEL 2  dir rslbgns
LINE: 669   LEVEL 2  192997 vlbbbgnn
LINE: 670   LEVEL 2  dir vmvpf
LINE: 671   LEVEL 2  230969 vqv
LINE: 672   LEVEL 2  195769 ztfg.mfd
LINE: 673   LEVEL 3  $ cd rslbgns
LINE: 674   LEVEL 3  $ ls
LINE: 675   LEVEL 3  236439 dwbjh.whr
LINE: 676   LEVEL 3  dir gzph
LINE: 677   LEVEL 3  279480 tlvmh.ghp
LINE: 678   LEVEL 3  107447 vqv
LINE: 679   LEVEL 4  $ cd gzph
LINE: 680   LEVEL 4  $ ls
LINE: 681   LEVEL 4  46947 tdnmmqm
LINE: 682   LEVEL 3  $ cd ..
LINE: 683   LEVEL 2  $ cd ..
LINE: 684   LEVEL 3  $ cd vmvpf
LINE: 685   LEVEL 3  $ ls
LINE: 686   LEVEL 3  285442 sftfzz.pzn
LINE: 687   LEVEL 3  292269 vmtnnfv.bbc
LINE: 688   LEVEL 2  $ cd ..
LINE: 689   LEVEL 1  $ cd ..
LINE: 690   LEVEL 2  $ cd nhmqcm
LINE: 691   LEVEL 2  $ ls
LINE: 692   LEVEL 2  219245 hwpgpdm.qrf
LINE: 693   LEVEL 2  130169 rsmdgwjz.rph
LINE: 694   LEVEL 1  $ cd ..
LINE: 695   LEVEL 2  $ cd rvfsl
LINE: 696   LEVEL 2  $ ls
LINE: 697   LEVEL 2  263768 ctprwbl.tjt
LINE: 698   LEVEL 2  dir jshtffs
LINE: 699   LEVEL 2  dir rgzfgz
LINE: 700   LEVEL 2  291351 vpcd.hvf
LINE: 701   LEVEL 3  $ cd jshtffs
LINE: 702   LEVEL 3  $ ls
LINE: 703   LEVEL 3  9465 fwvcbcpz.lvr
LINE: 704   LEVEL 3  dir htb
LINE: 705   LEVEL 3  dir jshtffs
LINE: 706   LEVEL 3  202004 nrgq.cwj
LINE: 707   LEVEL 3  dir vmvpf
LINE: 708   LEVEL 4  $ cd htb
LINE: 709   LEVEL 4  $ ls
LINE: 710   LEVEL 4  323938 gwhlttb
LINE: 711   LEVEL 4  75918 llmlgmqz.zsp
LINE: 712   LEVEL 4  dir nvfv
LINE: 713   LEVEL 4  117786 qjjv
LINE: 714   LEVEL 4  167090 vmvpf.qvd
LINE: 715   LEVEL 5  $ cd nvfv
LINE: 716   LEVEL 5  $ ls
LINE: 717   LEVEL 5  135820 tlvmh.ghp
LINE: 718   LEVEL 4  $ cd ..
LINE: 719   LEVEL 3  $ cd ..
LINE: 720   LEVEL 4  $ cd jshtffs
LINE: 721   LEVEL 4  $ ls
LINE: 722   LEVEL 4  240326 fhr.jbf
LINE: 723   LEVEL 3  $ cd ..
LINE: 724   LEVEL 4  $ cd vmvpf
LINE: 725   LEVEL 4  $ ls
LINE: 726   LEVEL 4  154309 fwvcbcpz.lvr
LINE: 727   LEVEL 3  $ cd ..
LINE: 728   LEVEL 2  $ cd ..
LINE: 729   LEVEL 3  $ cd rgzfgz
LINE: 730   LEVEL 3  $ ls
LINE: 731   LEVEL 3  dir jjfdn
LINE: 732   LEVEL 3  dir nlhfgpr
LINE: 733   LEVEL 4  $ cd jjfdn
LINE: 734   LEVEL 4  $ ls
LINE: 735   LEVEL 4  46675 vfwhjfl.zrz
LINE: 736   LEVEL 3  $ cd ..
LINE: 737   LEVEL 4  $ cd nlhfgpr
LINE: 738   LEVEL 4  $ ls
LINE: 739   LEVEL 4  26537 qwzcnfz
LINE: 740   LEVEL 3  $ cd ..
LINE: 741   LEVEL 2  $ cd ..
LINE: 742   LEVEL 1  $ cd ..
LINE: 743   LEVEL 2  $ cd smcrnh
LINE: 744   LEVEL 2  $ ls
LINE: 745   LEVEL 2  331015 vpttwwc.jgr
LINE: 746   LEVEL 1  $ cd ..
LINE: 747   LEVEL 0  $ cd ..
LINE: 748   LEVEL 1  $ cd vff
LINE: 749   LEVEL 1  $ ls
LINE: 750   LEVEL 1  68000 ntbfs.znj
LINE: 751   LEVEL 1  265866 rgzfgz.lsl
LINE: 752   LEVEL 1  53570 vmvpf.ncb
LINE: 753   LEVEL 1  74229 vqv
LINE: 754   LEVEL 1  96730 zwq.zdb
LINE: 755   LEVEL 0  $ cd ..
LINE: 756   LEVEL 1  $ cd vmtnnfv
LINE: 757   LEVEL 1  $ ls
LINE: 758   LEVEL 1  dir rgzfgz
LINE: 759   LEVEL 1  dir zmr
LINE: 760   LEVEL 2  $ cd rgzfgz
LINE: 761   LEVEL 2  $ ls
LINE: 762   LEVEL 2  7492 fwvcbcpz.lvr
LINE: 763   LEVEL 2  dir gjg
LINE: 764   LEVEL 2  dir sfrlhmm
LINE: 765   LEVEL 3  $ cd gjg
LINE: 766   LEVEL 3  $ ls
LINE: 767   LEVEL 3  dir dqjfz
LINE: 768   LEVEL 3  59560 vqv
LINE: 769   LEVEL 3  33788 wdzh.szq
LINE: 770   LEVEL 4  $ cd dqjfz
LINE: 771   LEVEL 4  $ ls
LINE: 772   LEVEL 4  dir zhtbsq
LINE: 773   LEVEL 5  $ cd zhtbsq
LINE: 774   LEVEL 5  $ ls
LINE: 775   LEVEL 5  222414 cgsjvqvd.rsd
LINE: 776   LEVEL 4  $ cd ..
LINE: 777   LEVEL 3  $ cd ..
LINE: 778   LEVEL 2  $ cd ..
LINE: 779   LEVEL 3  $ cd sfrlhmm
LINE: 780   LEVEL 3  $ ls
LINE: 781   LEVEL 3  94423 rgzfgz
LINE: 782   LEVEL 2  $ cd ..
LINE: 783   LEVEL 1  $ cd ..
LINE: 784   LEVEL 2  $ cd zmr
LINE: 785   LEVEL 2  $ ls
LINE: 786   LEVEL 2  269611 gvhrsmt.bdt
LINE: 787   LEVEL 2  dir vmtnnfv
LINE: 788   LEVEL 3  $ cd vmtnnfv
LINE: 789   LEVEL 3  $ ls
LINE: 790   LEVEL 3  dir rgzfgz
LINE: 791   LEVEL 4  $ cd rgzfgz
LINE: 792   LEVEL 4  $ ls
LINE: 793   LEVEL 4  355703 fwvcbcpz.lvr
LINE: 794   LEVEL 4  286378 pcf.dss
LINE: 795   LEVEL 3  $ cd ..
LINE: 796   LEVEL 2  $ cd ..
LINE: 797   LEVEL 1  $ cd ..
LINE: 798   LEVEL 0  $ cd ..
LINE: 799   LEVEL 1  $ cd vmvpf
LINE: 800   LEVEL 1  $ ls
LINE: 801   LEVEL 1  336533 fwvcbcpz.lvr
LINE: 802   LEVEL 1  80609 hsfnp
LINE: 803   LEVEL 1  9548 jld.rvt
LINE: 804   LEVEL 1  dir jshtffs
LINE: 805   LEVEL 1  219383 rjtrbjl.vbc
LINE: 806   LEVEL 1  dir vmtnnfv
LINE: 807   LEVEL 1  182036 vmvpf
LINE: 808   LEVEL 2  $ cd jshtffs
LINE: 809   LEVEL 2  $ ls
LINE: 810   LEVEL 2  dir jshtffs
LINE: 811   LEVEL 2  dir rtnwnqcb
LINE: 812   LEVEL 2  358722 szfhzcj.tjt
LINE: 813   LEVEL 2  167284 tlvmh.ghp
LINE: 814   LEVEL 3  $ cd jshtffs
LINE: 815   LEVEL 3  $ ls
LINE: 816   LEVEL 3  68702 blcgmn
LINE: 817   LEVEL 3  299911 jjd.pvb
LINE: 818   LEVEL 3  243135 wdzh.szq
LINE: 819   LEVEL 2  $ cd ..
LINE: 820   LEVEL 3  $ cd rtnwnqcb
LINE: 821   LEVEL 3  $ ls
LINE: 822   LEVEL 3  128787 jmvlgd.bwv
LINE: 823   LEVEL 3  268582 tdpqcqfs.nzp
LINE: 824   LEVEL 3  348305 vmvpf.bnl
LINE: 825   LEVEL 2  $ cd ..
LINE: 826   LEVEL 1  $ cd ..
LINE: 827   LEVEL 2  $ cd vmtnnfv
LINE: 828   LEVEL 2  $ ls
LINE: 829   LEVEL 2  dir nlhfgpr
LINE: 830   LEVEL 2  241246 tlvmh.ghp
LINE: 831   LEVEL 3  $ cd nlhfgpr
LINE: 832   LEVEL 3  $ ls
LINE: 833   LEVEL 3  292694 tlvmh.ghp
LINE: 834   LEVEL 2  $ cd ..
LINE: 835   LEVEL 1  $ cd ..
LINE: 836   LEVEL 0  $ cd ..
LINE: 837   LEVEL 1  $ cd zqmsn
LINE: 838   LEVEL 1  $ ls
LINE: 839   LEVEL 1  244052 mmthhf.wmd
LINE: 840   LEVEL 1  144084 psspc.czf
LINE: 841   LEVEL 1  dir vflpgd
LINE: 842   LEVEL 2  $ cd vflpgd
LINE: 843   LEVEL 2  $ ls
LINE: 844   LEVEL 2  22881 hsbbcdp.psd
LINE: 845   LEVEL 2  dir rgzfgz
LINE: 846   LEVEL 2  dir tmz
LINE: 847   LEVEL 2  246706 vmvpf
LINE: 848   LEVEL 3  $ cd rgzfgz
LINE: 849   LEVEL 3  $ ls
LINE: 850   LEVEL 3  346162 jshtffs.hqw
LINE: 851   LEVEL 3  dir lhmh
LINE: 852   LEVEL 3  dir pfwbz
LINE: 853   LEVEL 3  87008 tzddth.whp
LINE: 854   LEVEL 4  $ cd lhmh
LINE: 855   LEVEL 4  $ ls
LINE: 856   LEVEL 4  dir nlhfgpr
LINE: 857   LEVEL 5  $ cd nlhfgpr
LINE: 858   LEVEL 5  $ ls
LINE: 859   LEVEL 5  167305 tlvmh.ghp
LINE: 860   LEVEL 5  dir vnsdh
LINE: 861   LEVEL 6  $ cd vnsdh
LINE: 862   LEVEL 6  $ ls
LINE: 863   LEVEL 6  22714 tlvmh.ghp
LINE: 864   LEVEL 5  $ cd ..
LINE: 865   LEVEL 4  $ cd ..
LINE: 866   LEVEL 3  $ cd ..
LINE: 867   LEVEL 4  $ cd pfwbz
LINE: 868   LEVEL 4  $ ls
LINE: 869   LEVEL 4  163433 bzttjhqz.hpz
LINE: 870   LEVEL 4  198604 vlbbbgnn
LINE: 871   LEVEL 3  $ cd ..
LINE: 872   LEVEL 2  $ cd ..
LINE: 873   LEVEL 3  $ cd tmz
LINE: 874   LEVEL 3  $ ls
LINE: 875   LEVEL 3  300571 bmrs
LINE: 876   LEVEL 2  $ cd ..
LINE: 877   LEVEL 1  $ cd ..
LINE: 878   LEVEL 0  $ cd ..
LINE: 879   LEVEL -1  $ cd ..
LINE: 880   LEVEL 0  $ cd vmtnnfv
LINE: 881   LEVEL 0  $ ls
LINE: 882   LEVEL 0  dir llwmdf
LINE: 883   LEVEL 0  dir pvzdlsgp
LINE: 884   LEVEL 0  48025 zvvrwh.dhw
LINE: 885   LEVEL 1  $ cd llwmdf
LINE: 886   LEVEL 1  $ ls
LINE: 887   LEVEL 1  236755 hbfdll
LINE: 888   LEVEL 0  $ cd ..
LINE: 889   LEVEL 0  $ cd pvzdlsgp
LINE: 890   LEVEL 0  $ ls
LINE: 891   LEVEL 0  dir drjbqvn
LINE: 892   LEVEL 0  102548 fwvcbcpz.lvr
LINE: 893   LEVEL 0  300337 gcv.bnn
LINE: 894   LEVEL 0  dir grgc
LINE: 895   LEVEL 0  27918 mtnvzzc.vlj
LINE: 896   LEVEL 0  dir nlhfgpr
LINE: 897   LEVEL 0  92639 wdzh.szq
LINE: 898   LEVEL 0  152813 wmnpg
LINE: 899   LEVEL 1  $ cd drjbqvn
LINE: 900   LEVEL 1  $ ls
LINE: 901   LEVEL 1  292541 jshtffs.gjg
LINE: 902   LEVEL 1  84918 vqv
LINE: 903   LEVEL 1  355763 zqsmd
LINE: 904   LEVEL 0  $ cd ..
LINE: 905   LEVEL 1  $ cd grgc
LINE: 906   LEVEL 1  $ ls
LINE: 907   LEVEL 1  45875 nlhfgpr.rnf
LINE: 908   LEVEL 1  294562 slshp
LINE: 909   LEVEL 0  $ cd ..
LINE: 910   LEVEL 1  $ cd nlhfgpr
LINE: 911   LEVEL 1  $ ls
LINE: 912   LEVEL 1  310430 fpglshq
LINE: 913   LEVEL 0  $ cd ..
LINE: 914   LEVEL -1  $ cd ..
LINE: 915   LEVEL -2  $ cd ..
LINE: 916   LEVEL -3  $ cd ..
LINE: 917   LEVEL -2  $ cd hwr
LINE: 918   LEVEL -2  $ ls
LINE: 919   LEVEL -2  dir jshtffs
LINE: 920   LEVEL -2  dir srrgj
LINE: 921   LEVEL -1  $ cd jshtffs
LINE: 922   LEVEL -1  $ ls
LINE: 923   LEVEL -1  275253 fwvcbcpz.lvr
LINE: 924   LEVEL -1  262142 vlqflmdn.gtd
LINE: 925   LEVEL -1  dir zrm
LINE: 926   LEVEL 0  $ cd zrm
LINE: 927   LEVEL 0  $ ls
LINE: 928   LEVEL 0  103078 jshtffs.ncf
LINE: 929   LEVEL -1  $ cd ..
LINE: 930   LEVEL -2  $ cd ..
LINE: 931   LEVEL -1  $ cd srrgj
LINE: 932   LEVEL -1  $ ls
LINE: 933   LEVEL -1  328221 fqdmfshj.ftn
LINE: 934   LEVEL -1  107311 lpdrrw
LINE: 935   LEVEL -1  214681 ltq.gmq
LINE: 936   LEVEL -1  321175 pzd
LINE: 937   LEVEL -2  $ cd ..
LINE: 938   LEVEL -3  $ cd ..
LINE: 939   LEVEL -2  $ cd jshtffs
LINE: 940   LEVEL -2  $ ls
LINE: 941   LEVEL -2  dir ngbb
LINE: 942   LEVEL -1  $ cd ngbb
LINE: 943   LEVEL -1  $ ls
LINE: 944   LEVEL -1  218170 lvmj.sjg
LINE: 945   LEVEL -1  123373 nwv
LINE: 946   LEVEL -1  326485 rgzfgz.gjd
LINE: 947   LEVEL -1  192138 vlbbbgnn
LINE: 948   LEVEL -1  dir vmtnnfv
LINE: 949   LEVEL -1  179027 vptgrfr
LINE: 950   LEVEL 0  $ cd vmtnnfv
LINE: 951   LEVEL 0  $ ls
LINE: 952   LEVEL 0  206046 vnlsclvh
LINE: 953   LEVEL -1  $ cd ..
LINE: 954   LEVEL -2  $ cd ..
LINE: 955   LEVEL -3  $ cd ..
LINE: 956   LEVEL -2  $ cd zbmjg
LINE: 957   LEVEL -2  $ ls
LINE: 958   LEVEL -2  30152 fwvcbcpz.lvr
LINE: 959   LEVEL -3  $ cd ..
LINE: 960   LEVEL -4  $ cd ..
LINE: 961   LEVEL -3  $ cd wjqsq
LINE: 962   LEVEL -3  $ ls
LINE: 963   LEVEL -3  23196 cmvfcwp.nfz
LINE: 964   LEVEL -3  dir lnrzw
LINE: 965   LEVEL -3  316798 nlhfgpr.spt
LINE: 966   LEVEL -3  dir ntrngh
LINE: 967   LEVEL -3  284657 tlvmh.ghp
LINE: 968   LEVEL -3  50758 vmvpf.msg
LINE: 969   LEVEL -2  $ cd lnrzw
LINE: 970   LEVEL -2  $ ls
LINE: 971   LEVEL -2  dir crc
LINE: 972   LEVEL -2  dir ddhnvwqt
LINE: 973   LEVEL -2  dir gdhfqlln
LINE: 974   LEVEL -2  dir vmtnnfv
LINE: 975   LEVEL -1  $ cd crc
LINE: 976   LEVEL -1  $ ls
LINE: 977   LEVEL -1  296423 vmtnnfv.prq
LINE: 978   LEVEL -1  26320 vqv
LINE: 979   LEVEL -2  $ cd ..
LINE: 980   LEVEL -1  $ cd ddhnvwqt
LINE: 981   LEVEL -1  $ ls
LINE: 982   LEVEL -1  173923 vqv
LINE: 983   LEVEL -2  $ cd ..
LINE: 984   LEVEL -1  $ cd gdhfqlln
LINE: 985   LEVEL -1  $ ls
LINE: 986   LEVEL -1  275288 vqv
LINE: 987   LEVEL -2  $ cd ..
LINE: 988   LEVEL -1  $ cd vmtnnfv
LINE: 989   LEVEL -1  $ ls
LINE: 990   LEVEL -1  52004 pgtmmtrf.vfc
LINE: 991   LEVEL -2  $ cd ..
LINE: 992   LEVEL -3  $ cd ..
LINE: 993   LEVEL -2  $ cd ntrngh
LINE: 994   LEVEL -2  $ ls
LINE: 995   LEVEL -2  dir czt
LINE: 996   LEVEL -2  185012 vlbbbgnn
LINE: 997   LEVEL -1  $ cd czt
LINE: 998   LEVEL -1  $ ls
LINE: 999   LEVEL -1  355964 cvnslv
LINE: 1000   LEVEL -1  143166 mwbcbphd.prr
LINE: 1001   LEVEL -1  40666 rgzfgz
